CRITICAL - 2023-11-27 09:55:19 --> Undefined variable $seleccionado
in APPPATH\Views\templates\menu_lateral.php on line 20.
 1 APPPATH\Views\templates\menu_lateral.php(20): CodeIgniter\Debug\Exceptions->errorHandler(2, 'Undefined variable $seleccionado', 'C:\\xampp\\htdocs\\DWES\\paises\\paises_prueba\\app\\Views\\templates\\menu_lateral.php', 20)
 2 SYSTEMPATH\View\View.php(228): include('C:\\xampp\\htdocs\\DWES\\paises\\paises_prueba\\app\\Views\\templates\\menu_lateral.php')
 3 SYSTEMPATH\View\View.php(231): CodeIgniter\View\View->CodeIgniter\View\{closure}()
 4 SYSTEMPATH\Common.php(1190): CodeIgniter\View\View->render('templates/menu_lateral', [], true)
 5 APPPATH\Controllers\paises.php(13): view('templates/menu_lateral')
 6 SYSTEMPATH\CodeIgniter.php(942): App\Controllers\Paises->paises()
 7 SYSTEMPATH\CodeIgniter.php(502): CodeIgniter\CodeIgniter->runController(Object(App\Controllers\Paises))
 8 SYSTEMPATH\CodeIgniter.php(361): CodeIgniter\CodeIgniter->handleRequest(null, Object(Config\Cache), false)
 9 FCPATH\index.php(79): CodeIgniter\CodeIgniter->run()
CRITICAL - 2023-11-27 09:55:21 --> Undefined variable $seleccionado
in APPPATH\Views\templates\menu_lateral.php on line 20.
 1 APPPATH\Views\templates\menu_lateral.php(20): CodeIgniter\Debug\Exceptions->errorHandler(2, 'Undefined variable $seleccionado', 'C:\\xampp\\htdocs\\DWES\\paises\\paises_prueba\\app\\Views\\templates\\menu_lateral.php', 20)
 2 SYSTEMPATH\View\View.php(228): include('C:\\xampp\\htdocs\\DWES\\paises\\paises_prueba\\app\\Views\\templates\\menu_lateral.php')
 3 SYSTEMPATH\View\View.php(231): CodeIgniter\View\View->CodeIgniter\View\{closure}()
 4 SYSTEMPATH\Common.php(1190): CodeIgniter\View\View->render('templates/menu_lateral', [], true)
 5 APPPATH\Controllers\paises.php(30): view('templates/menu_lateral')
 6 SYSTEMPATH\CodeIgniter.php(942): App\Controllers\Paises->Argentina()
 7 SYSTEMPATH\CodeIgniter.php(502): CodeIgniter\CodeIgniter->runController(Object(App\Controllers\Paises))
 8 SYSTEMPATH\CodeIgniter.php(361): CodeIgniter\CodeIgniter->handleRequest(null, Object(Config\Cache), false)
 9 FCPATH\index.php(79): CodeIgniter\CodeIgniter->run()
CRITICAL - 2023-11-27 09:59:48 --> Undefined variable $seleccionado
in APPPATH\Views\templates\menu_lateral.php on line 20.
 1 APPPATH\Views\templates\menu_lateral.php(20): CodeIgniter\Debug\Exceptions->errorHandler(2, 'Undefined variable $seleccionado', 'C:\\xampp\\htdocs\\DWES\\paises\\paises_prueba\\app\\Views\\templates\\menu_lateral.php', 20)
 2 SYSTEMPATH\View\View.php(228): include('C:\\xampp\\htdocs\\DWES\\paises\\paises_prueba\\app\\Views\\templates\\menu_lateral.php')
 3 SYSTEMPATH\View\View.php(231): CodeIgniter\View\View->CodeIgniter\View\{closure}()
 4 SYSTEMPATH\Common.php(1190): CodeIgniter\View\View->render('templates/menu_lateral', [], true)
 5 APPPATH\Controllers\paises.php(21): view('templates/menu_lateral')
 6 SYSTEMPATH\CodeIgniter.php(942): App\Controllers\Paises->Peru()
 7 SYSTEMPATH\CodeIgniter.php(502): CodeIgniter\CodeIgniter->runController(Object(App\Controllers\Paises))
 8 SYSTEMPATH\CodeIgniter.php(361): CodeIgniter\CodeIgniter->handleRequest(null, Object(Config\Cache), false)
 9 FCPATH\index.php(79): CodeIgniter\CodeIgniter->run()
CRITICAL - 2023-11-27 09:59:49 --> Undefined variable $seleccionado
in APPPATH\Views\templates\menu_lateral.php on line 20.
 1 APPPATH\Views\templates\menu_lateral.php(20): CodeIgniter\Debug\Exceptions->errorHandler(2, 'Undefined variable $seleccionado', 'C:\\xampp\\htdocs\\DWES\\paises\\paises_prueba\\app\\Views\\templates\\menu_lateral.php', 20)
 2 SYSTEMPATH\View\View.php(228): include('C:\\xampp\\htdocs\\DWES\\paises\\paises_prueba\\app\\Views\\templates\\menu_lateral.php')
 3 SYSTEMPATH\View\View.php(231): CodeIgniter\View\View->CodeIgniter\View\{closure}()
 4 SYSTEMPATH\Common.php(1190): CodeIgniter\View\View->render('templates/menu_lateral', [], true)
 5 APPPATH\Controllers\paises.php(39): view('templates/menu_lateral')
 6 SYSTEMPATH\CodeIgniter.php(942): App\Controllers\Paises->Chile()
 7 SYSTEMPATH\CodeIgniter.php(502): CodeIgniter\CodeIgniter->runController(Object(App\Controllers\Paises))
 8 SYSTEMPATH\CodeIgniter.php(361): CodeIgniter\CodeIgniter->handleRequest(null, Object(Config\Cache), false)
 9 FCPATH\index.php(79): CodeIgniter\CodeIgniter->run()
CRITICAL - 2023-11-27 10:02:14 --> Undefined variable $seleccionado
in APPPATH\Views\templates\menu_lateral.php on line 20.
 1 APPPATH\Views\templates\menu_lateral.php(20): CodeIgniter\Debug\Exceptions->errorHandler(2, 'Undefined variable $seleccionado', 'C:\\xampp\\htdocs\\DWES\\paises\\paises_prueba\\app\\Views\\templates\\menu_lateral.php', 20)
 2 SYSTEMPATH\View\View.php(228): include('C:\\xampp\\htdocs\\DWES\\paises\\paises_prueba\\app\\Views\\templates\\menu_lateral.php')
 3 SYSTEMPATH\View\View.php(231): CodeIgniter\View\View->CodeIgniter\View\{closure}()
 4 SYSTEMPATH\Common.php(1190): CodeIgniter\View\View->render('templates/menu_lateral', [], true)
 5 APPPATH\Controllers\paises.php(39): view('templates/menu_lateral')
 6 SYSTEMPATH\CodeIgniter.php(942): App\Controllers\Paises->Chile()
 7 SYSTEMPATH\CodeIgniter.php(502): CodeIgniter\CodeIgniter->runController(Object(App\Controllers\Paises))
 8 SYSTEMPATH\CodeIgniter.php(361): CodeIgniter\CodeIgniter->handleRequest(null, Object(Config\Cache), false)
 9 FCPATH\index.php(79): CodeIgniter\CodeIgniter->run()
CRITICAL - 2023-11-27 10:02:14 --> Undefined variable $seleccionado
in APPPATH\Views\templates\menu_lateral.php on line 20.
 1 APPPATH\Views\templates\menu_lateral.php(20): CodeIgniter\Debug\Exceptions->errorHandler(2, 'Undefined variable $seleccionado', 'C:\\xampp\\htdocs\\DWES\\paises\\paises_prueba\\app\\Views\\templates\\menu_lateral.php', 20)
 2 SYSTEMPATH\View\View.php(228): include('C:\\xampp\\htdocs\\DWES\\paises\\paises_prueba\\app\\Views\\templates\\menu_lateral.php')
 3 SYSTEMPATH\View\View.php(231): CodeIgniter\View\View->CodeIgniter\View\{closure}()
 4 SYSTEMPATH\Common.php(1190): CodeIgniter\View\View->render('templates/menu_lateral', [], true)
 5 APPPATH\Controllers\paises.php(39): view('templates/menu_lateral')
 6 SYSTEMPATH\CodeIgniter.php(942): App\Controllers\Paises->Chile()
 7 SYSTEMPATH\CodeIgniter.php(502): CodeIgniter\CodeIgniter->runController(Object(App\Controllers\Paises))
 8 SYSTEMPATH\CodeIgniter.php(361): CodeIgniter\CodeIgniter->handleRequest(null, Object(Config\Cache), false)
 9 FCPATH\index.php(79): CodeIgniter\CodeIgniter->run()
CRITICAL - 2023-11-27 10:02:34 --> Undefined variable $seleccionado
in APPPATH\Views\templates\menu_lateral.php on line 24.
 1 APPPATH\Views\templates\menu_lateral.php(24): CodeIgniter\Debug\Exceptions->errorHandler(2, 'Undefined variable $seleccionado', 'C:\\xampp\\htdocs\\DWES\\paises\\paises_prueba\\app\\Views\\templates\\menu_lateral.php', 24)
 2 SYSTEMPATH\View\View.php(228): include('C:\\xampp\\htdocs\\DWES\\paises\\paises_prueba\\app\\Views\\templates\\menu_lateral.php')
 3 SYSTEMPATH\View\View.php(231): CodeIgniter\View\View->CodeIgniter\View\{closure}()
 4 SYSTEMPATH\Common.php(1190): CodeIgniter\View\View->render('templates/menu_lateral', [], true)
 5 APPPATH\Controllers\paises.php(21): view('templates/menu_lateral')
 6 SYSTEMPATH\CodeIgniter.php(942): App\Controllers\Paises->Peru()
 7 SYSTEMPATH\CodeIgniter.php(502): CodeIgniter\CodeIgniter->runController(Object(App\Controllers\Paises))
 8 SYSTEMPATH\CodeIgniter.php(361): CodeIgniter\CodeIgniter->handleRequest(null, Object(Config\Cache), false)
 9 FCPATH\index.php(79): CodeIgniter\CodeIgniter->run()
CRITICAL - 2023-11-27 10:02:35 --> Undefined variable $seleccionado
in APPPATH\Views\templates\menu_lateral.php on line 24.
 1 APPPATH\Views\templates\menu_lateral.php(24): CodeIgniter\Debug\Exceptions->errorHandler(2, 'Undefined variable $seleccionado', 'C:\\xampp\\htdocs\\DWES\\paises\\paises_prueba\\app\\Views\\templates\\menu_lateral.php', 24)
 2 SYSTEMPATH\View\View.php(228): include('C:\\xampp\\htdocs\\DWES\\paises\\paises_prueba\\app\\Views\\templates\\menu_lateral.php')
 3 SYSTEMPATH\View\View.php(231): CodeIgniter\View\View->CodeIgniter\View\{closure}()
 4 SYSTEMPATH\Common.php(1190): CodeIgniter\View\View->render('templates/menu_lateral', [], true)
 5 APPPATH\Controllers\paises.php(21): view('templates/menu_lateral')
 6 SYSTEMPATH\CodeIgniter.php(942): App\Controllers\Paises->Peru()
 7 SYSTEMPATH\CodeIgniter.php(502): CodeIgniter\CodeIgniter->runController(Object(App\Controllers\Paises))
 8 SYSTEMPATH\CodeIgniter.php(361): CodeIgniter\CodeIgniter->handleRequest(null, Object(Config\Cache), false)
 9 FCPATH\index.php(79): CodeIgniter\CodeIgniter->run()
CRITICAL - 2023-11-27 10:02:35 --> Undefined variable $seleccionado
in APPPATH\Views\templates\menu_lateral.php on line 24.
 1 APPPATH\Views\templates\menu_lateral.php(24): CodeIgniter\Debug\Exceptions->errorHandler(2, 'Undefined variable $seleccionado', 'C:\\xampp\\htdocs\\DWES\\paises\\paises_prueba\\app\\Views\\templates\\menu_lateral.php', 24)
 2 SYSTEMPATH\View\View.php(228): include('C:\\xampp\\htdocs\\DWES\\paises\\paises_prueba\\app\\Views\\templates\\menu_lateral.php')
 3 SYSTEMPATH\View\View.php(231): CodeIgniter\View\View->CodeIgniter\View\{closure}()
 4 SYSTEMPATH\Common.php(1190): CodeIgniter\View\View->render('templates/menu_lateral', [], true)
 5 APPPATH\Controllers\paises.php(21): view('templates/menu_lateral')
 6 SYSTEMPATH\CodeIgniter.php(942): App\Controllers\Paises->Peru()
 7 SYSTEMPATH\CodeIgniter.php(502): CodeIgniter\CodeIgniter->runController(Object(App\Controllers\Paises))
 8 SYSTEMPATH\CodeIgniter.php(361): CodeIgniter\CodeIgniter->handleRequest(null, Object(Config\Cache), false)
 9 FCPATH\index.php(79): CodeIgniter\CodeIgniter->run()
CRITICAL - 2023-11-27 10:02:52 --> Undefined variable $seleccionado
in APPPATH\Views\templates\menu_lateral.php on line 24.
 1 APPPATH\Views\templates\menu_lateral.php(24): CodeIgniter\Debug\Exceptions->errorHandler(2, 'Undefined variable $seleccionado', 'C:\\xampp\\htdocs\\DWES\\paises\\paises_prueba\\app\\Views\\templates\\menu_lateral.php', 24)
 2 SYSTEMPATH\View\View.php(228): include('C:\\xampp\\htdocs\\DWES\\paises\\paises_prueba\\app\\Views\\templates\\menu_lateral.php')
 3 SYSTEMPATH\View\View.php(231): CodeIgniter\View\View->CodeIgniter\View\{closure}()
 4 SYSTEMPATH\Common.php(1190): CodeIgniter\View\View->render('templates/menu_lateral', [], true)
 5 APPPATH\Controllers\paises.php(21): view('templates/menu_lateral')
 6 SYSTEMPATH\CodeIgniter.php(942): App\Controllers\Paises->Peru()
 7 SYSTEMPATH\CodeIgniter.php(502): CodeIgniter\CodeIgniter->runController(Object(App\Controllers\Paises))
 8 SYSTEMPATH\CodeIgniter.php(361): CodeIgniter\CodeIgniter->handleRequest(null, Object(Config\Cache), false)
 9 FCPATH\index.php(79): CodeIgniter\CodeIgniter->run()
CRITICAL - 2023-11-27 10:04:06 --> Undefined variable $seleccionado
in APPPATH\Views\templates\menu_lateral.php on line 24.
 1 APPPATH\Views\templates\menu_lateral.php(24): CodeIgniter\Debug\Exceptions->errorHandler(2, 'Undefined variable $seleccionado', 'C:\\xampp\\htdocs\\DWES\\paises\\paises_prueba\\app\\Views\\templates\\menu_lateral.php', 24)
 2 SYSTEMPATH\View\View.php(228): include('C:\\xampp\\htdocs\\DWES\\paises\\paises_prueba\\app\\Views\\templates\\menu_lateral.php')
 3 SYSTEMPATH\View\View.php(231): CodeIgniter\View\View->CodeIgniter\View\{closure}()
 4 SYSTEMPATH\Common.php(1190): CodeIgniter\View\View->render('templates/menu_lateral', [], true)
 5 APPPATH\Controllers\paises.php(21): view('templates/menu_lateral')
 6 SYSTEMPATH\CodeIgniter.php(942): App\Controllers\Paises->Peru()
 7 SYSTEMPATH\CodeIgniter.php(502): CodeIgniter\CodeIgniter->runController(Object(App\Controllers\Paises))
 8 SYSTEMPATH\CodeIgniter.php(361): CodeIgniter\CodeIgniter->handleRequest(null, Object(Config\Cache), false)
 9 FCPATH\index.php(79): CodeIgniter\CodeIgniter->run()
CRITICAL - 2023-11-27 10:04:19 --> Undefined variable $seleccionado
in APPPATH\Views\templates\menu_lateral.php on line 24.
 1 APPPATH\Views\templates\menu_lateral.php(24): CodeIgniter\Debug\Exceptions->errorHandler(2, 'Undefined variable $seleccionado', 'C:\\xampp\\htdocs\\DWES\\paises\\paises_prueba\\app\\Views\\templates\\menu_lateral.php', 24)
 2 SYSTEMPATH\View\View.php(228): include('C:\\xampp\\htdocs\\DWES\\paises\\paises_prueba\\app\\Views\\templates\\menu_lateral.php')
 3 SYSTEMPATH\View\View.php(231): CodeIgniter\View\View->CodeIgniter\View\{closure}()
 4 SYSTEMPATH\Common.php(1190): CodeIgniter\View\View->render('templates/menu_lateral', [], true)
 5 APPPATH\Controllers\paises.php(21): view('templates/menu_lateral')
 6 SYSTEMPATH\CodeIgniter.php(942): App\Controllers\Paises->Peru()
 7 SYSTEMPATH\CodeIgniter.php(502): CodeIgniter\CodeIgniter->runController(Object(App\Controllers\Paises))
 8 SYSTEMPATH\CodeIgniter.php(361): CodeIgniter\CodeIgniter->handleRequest(null, Object(Config\Cache), false)
 9 FCPATH\index.php(79): CodeIgniter\CodeIgniter->run()
CRITICAL - 2023-11-27 10:04:20 --> Undefined variable $seleccionado
in APPPATH\Views\templates\menu_lateral.php on line 24.
 1 APPPATH\Views\templates\menu_lateral.php(24): CodeIgniter\Debug\Exceptions->errorHandler(2, 'Undefined variable $seleccionado', 'C:\\xampp\\htdocs\\DWES\\paises\\paises_prueba\\app\\Views\\templates\\menu_lateral.php', 24)
 2 SYSTEMPATH\View\View.php(228): include('C:\\xampp\\htdocs\\DWES\\paises\\paises_prueba\\app\\Views\\templates\\menu_lateral.php')
 3 SYSTEMPATH\View\View.php(231): CodeIgniter\View\View->CodeIgniter\View\{closure}()
 4 SYSTEMPATH\Common.php(1190): CodeIgniter\View\View->render('templates/menu_lateral', [], true)
 5 APPPATH\Controllers\paises.php(21): view('templates/menu_lateral')
 6 SYSTEMPATH\CodeIgniter.php(942): App\Controllers\Paises->Peru()
 7 SYSTEMPATH\CodeIgniter.php(502): CodeIgniter\CodeIgniter->runController(Object(App\Controllers\Paises))
 8 SYSTEMPATH\CodeIgniter.php(361): CodeIgniter\CodeIgniter->handleRequest(null, Object(Config\Cache), false)
 9 FCPATH\index.php(79): CodeIgniter\CodeIgniter->run()
CRITICAL - 2023-11-27 10:04:20 --> Undefined variable $seleccionado
in APPPATH\Views\templates\menu_lateral.php on line 24.
 1 APPPATH\Views\templates\menu_lateral.php(24): CodeIgniter\Debug\Exceptions->errorHandler(2, 'Undefined variable $seleccionado', 'C:\\xampp\\htdocs\\DWES\\paises\\paises_prueba\\app\\Views\\templates\\menu_lateral.php', 24)
 2 SYSTEMPATH\View\View.php(228): include('C:\\xampp\\htdocs\\DWES\\paises\\paises_prueba\\app\\Views\\templates\\menu_lateral.php')
 3 SYSTEMPATH\View\View.php(231): CodeIgniter\View\View->CodeIgniter\View\{closure}()
 4 SYSTEMPATH\Common.php(1190): CodeIgniter\View\View->render('templates/menu_lateral', [], true)
 5 APPPATH\Controllers\paises.php(21): view('templates/menu_lateral')
 6 SYSTEMPATH\CodeIgniter.php(942): App\Controllers\Paises->Peru()
 7 SYSTEMPATH\CodeIgniter.php(502): CodeIgniter\CodeIgniter->runController(Object(App\Controllers\Paises))
 8 SYSTEMPATH\CodeIgniter.php(361): CodeIgniter\CodeIgniter->handleRequest(null, Object(Config\Cache), false)
 9 FCPATH\index.php(79): CodeIgniter\CodeIgniter->run()
CRITICAL - 2023-11-27 10:08:18 --> Undefined variable $seleccionado
in APPPATH\Views\templates\menu_lateral.php on line 24.
 1 APPPATH\Views\templates\menu_lateral.php(24): CodeIgniter\Debug\Exceptions->errorHandler(2, 'Undefined variable $seleccionado', 'C:\\xampp\\htdocs\\DWES\\paises\\paises_prueba\\app\\Views\\templates\\menu_lateral.php', 24)
 2 SYSTEMPATH\View\View.php(228): include('C:\\xampp\\htdocs\\DWES\\paises\\paises_prueba\\app\\Views\\templates\\menu_lateral.php')
 3 SYSTEMPATH\View\View.php(231): CodeIgniter\View\View->CodeIgniter\View\{closure}()
 4 SYSTEMPATH\Common.php(1190): CodeIgniter\View\View->render('templates/menu_lateral', [], true)
 5 APPPATH\Controllers\paises.php(21): view('templates/menu_lateral')
 6 SYSTEMPATH\CodeIgniter.php(942): App\Controllers\Paises->Peru()
 7 SYSTEMPATH\CodeIgniter.php(502): CodeIgniter\CodeIgniter->runController(Object(App\Controllers\Paises))
 8 SYSTEMPATH\CodeIgniter.php(361): CodeIgniter\CodeIgniter->handleRequest(null, Object(Config\Cache), false)
 9 FCPATH\index.php(79): CodeIgniter\CodeIgniter->run()
CRITICAL - 2023-11-27 10:08:20 --> Undefined variable $seleccionado
in APPPATH\Views\templates\menu_lateral.php on line 24.
 1 APPPATH\Views\templates\menu_lateral.php(24): CodeIgniter\Debug\Exceptions->errorHandler(2, 'Undefined variable $seleccionado', 'C:\\xampp\\htdocs\\DWES\\paises\\paises_prueba\\app\\Views\\templates\\menu_lateral.php', 24)
 2 SYSTEMPATH\View\View.php(228): include('C:\\xampp\\htdocs\\DWES\\paises\\paises_prueba\\app\\Views\\templates\\menu_lateral.php')
 3 SYSTEMPATH\View\View.php(231): CodeIgniter\View\View->CodeIgniter\View\{closure}()
 4 SYSTEMPATH\Common.php(1190): CodeIgniter\View\View->render('templates/menu_lateral', [], true)
 5 APPPATH\Controllers\paises.php(21): view('templates/menu_lateral')
 6 SYSTEMPATH\CodeIgniter.php(942): App\Controllers\Paises->Peru()
 7 SYSTEMPATH\CodeIgniter.php(502): CodeIgniter\CodeIgniter->runController(Object(App\Controllers\Paises))
 8 SYSTEMPATH\CodeIgniter.php(361): CodeIgniter\CodeIgniter->handleRequest(null, Object(Config\Cache), false)
 9 FCPATH\index.php(79): CodeIgniter\CodeIgniter->run()
